<?xml version="1.0" encoding="UTF-8"?>
<coverage generated="1608412202475" clover="3.2.0">
  <project timestamp="1608412202475" name="All files">
    <metrics statements="102" coveredstatements="93" conditionals="40" coveredconditionals="34" methods="25" coveredmethods="22" elements="167" coveredelements="149" complexity="0" loc="102" ncloc="102" packages="1" files="7" classes="7"/>
    <file name="App.js" path="/home/runner/work/memory/memory/src/App.js">
      <metrics statements="48" coveredstatements="48" conditionals="24" coveredconditionals="24" methods="9" coveredmethods="9"/>
      <line num="11" count="7" type="stmt"/>
      <line num="12" count="7" type="stmt"/>
      <line num="13" count="7" type="stmt"/>
      <line num="26" count="18" type="stmt"/>
      <line num="27" count="18" type="stmt"/>
      <line num="28" count="18" type="stmt"/>
      <line num="31" count="18" type="stmt"/>
      <line num="32" count="324" type="stmt"/>
      <line num="33" count="324" type="stmt"/>
      <line num="35" count="18" type="stmt"/>
      <line num="39" count="21" type="stmt"/>
      <line num="40" count="21" type="stmt"/>
      <line num="51" count="21" type="stmt"/>
      <line num="59" count="21" type="stmt"/>
      <line num="60" count="4" type="stmt"/>
      <line num="65" count="4" type="cond" truecount="2" falsecount="0"/>
      <line num="66" count="1" type="stmt"/>
      <line num="69" count="3" type="cond" truecount="2" falsecount="0"/>
      <line num="70" count="1" type="stmt"/>
      <line num="71" count="1" type="stmt"/>
      <line num="73" count="2" type="stmt"/>
      <line num="83" count="4" type="stmt"/>
      <line num="85" count="4" type="stmt"/>
      <line num="86" count="4" type="stmt"/>
      <line num="87" count="4" type="stmt"/>
      <line num="88" count="4" type="stmt"/>
      <line num="89" count="4" type="cond" truecount="2" falsecount="0"/>
      <line num="90" count="2" type="stmt"/>
      <line num="92" count="4" type="stmt"/>
      <line num="102" count="2168" type="stmt"/>
      <line num="103" count="2168" type="stmt"/>
      <line num="104" count="2168" type="stmt"/>
      <line num="105" count="2168" type="stmt"/>
      <line num="107" count="2168" type="cond" truecount="4" falsecount="0"/>
      <line num="108" count="7" type="stmt"/>
      <line num="109" count="2161" type="cond" truecount="2" falsecount="0"/>
      <line num="110" count="1762" type="cond" truecount="2" falsecount="0"/>
      <line num="111" count="399" type="cond" truecount="2" falsecount="0"/>
      <line num="113" count="21" type="cond" truecount="2" falsecount="0"/>
      <line num="116" count="378" type="cond" truecount="2" falsecount="0"/>
      <line num="118" count="2168" type="stmt"/>
      <line num="119" count="2168" type="stmt"/>
      <line num="128" count="21" type="stmt"/>
      <line num="129" count="18" type="stmt"/>
      <line num="139" count="60" type="stmt"/>
      <line num="142" count="60" type="stmt"/>
      <line num="143" count="60" type="stmt"/>
      <line num="148" count="2160" type="stmt"/>
    </file>
    <file name="Card.js" path="/home/runner/work/memory/memory/src/Card.js">
      <metrics statements="8" coveredstatements="5" conditionals="6" coveredconditionals="2" methods="4" coveredmethods="2"/>
      <line num="6" count="8" type="stmt"/>
      <line num="18" count="0" type="cond" truecount="0" falsecount="4"/>
      <line num="19" count="0" type="stmt"/>
      <line num="33" count="8" type="stmt"/>
      <line num="36" count="78" type="stmt"/>
      <line num="40" count="0" type="stmt"/>
      <line num="41" count="1" type="stmt"/>
      <line num="47" count="8" type="stmt"/>
    </file>
    <file name="GuessCount.js" path="/home/runner/work/memory/memory/src/GuessCount.js">
      <metrics statements="2" coveredstatements="2" conditionals="0" coveredconditionals="0" methods="1" coveredmethods="1"/>
      <line num="12" count="8" type="stmt"/>
      <line num="18" count="8" type="stmt"/>
    </file>
    <file name="HallOfFame.js" path="/home/runner/work/memory/memory/src/HallOfFame.js">
      <metrics statements="21" coveredstatements="21" conditionals="6" coveredconditionals="6" methods="5" coveredmethods="5"/>
      <line num="12" count="7" type="stmt"/>
      <line num="13" count="3" type="stmt"/>
      <line num="18" count="6" type="stmt"/>
      <line num="28" count="7" type="stmt"/>
      <line num="43" count="7" type="stmt"/>
      <line num="44" count="7" type="stmt"/>
      <line num="55" count="17" type="stmt"/>
      <line num="56" count="17" type="stmt"/>
      <line num="57" count="17" type="stmt"/>
      <line num="58" count="17" type="stmt"/>
      <line num="62" count="17" type="cond" truecount="2" falsecount="0"/>
      <line num="63" count="17" type="stmt"/>
      <line num="64" count="11" type="stmt"/>
      <line num="67" count="17" type="cond" truecount="2" falsecount="0"/>
      <line num="68" count="6" type="stmt"/>
      <line num="70" count="11" type="stmt"/>
      <line num="72" count="17" type="cond" truecount="2" falsecount="0"/>
      <line num="73" count="1" type="stmt"/>
      <line num="75" count="17" type="stmt"/>
      <line num="76" count="17" type="stmt"/>
      <line num="86" count="5" type="stmt"/>
    </file>
    <file name="HighScoreInput.js" path="/home/runner/work/memory/memory/src/HighScoreInput.js">
      <metrics statements="13" coveredstatements="13" conditionals="0" coveredconditionals="0" methods="4" coveredmethods="4"/>
      <line num="18" count="3" type="stmt"/>
      <line num="19" count="3" type="stmt"/>
      <line num="28" count="3" type="stmt"/>
      <line num="29" count="2" type="stmt"/>
      <line num="37" count="3" type="stmt"/>
      <line num="38" count="1" type="stmt"/>
      <line num="39" count="1" type="stmt"/>
      <line num="40" count="1" type="stmt"/>
      <line num="41" count="1" type="stmt"/>
      <line num="42" count="1" type="stmt"/>
      <line num="49" count="5" type="stmt"/>
      <line num="50" count="5" type="stmt"/>
      <line num="71" count="7" type="stmt"/>
    </file>
    <file name="index.js" path="/home/runner/work/memory/memory/src/index.js">
      <metrics statements="2" coveredstatements="2" conditionals="0" coveredconditionals="0" methods="0" coveredmethods="0"/>
      <line num="6" count="1" type="stmt"/>
      <line num="16" count="1" type="stmt"/>
    </file>
    <file name="reportWebVitals.js" path="/home/runner/work/memory/memory/src/reportWebVitals.js">
      <metrics statements="8" coveredstatements="2" conditionals="4" coveredconditionals="2" methods="2" coveredmethods="1"/>
      <line num="1" count="1" type="stmt"/>
      <line num="2" count="1" type="cond" truecount="2" falsecount="2"/>
      <line num="3" count="0" type="stmt"/>
      <line num="6" count="0" type="stmt"/>
      <line num="7" count="0" type="stmt"/>
      <line num="8" count="0" type="stmt"/>
      <line num="9" count="0" type="stmt"/>
      <line num="10" count="0" type="stmt"/>
    </file>
  </project>
</coverage>
