<?xml version="1.0" encoding="UTF-8"?>
<coverage generated="1608239159630" clover="3.2.0">
  <project timestamp="1608239159630" name="All files">
    <metrics statements="99" coveredstatements="86" conditionals="38" coveredconditionals="31" methods="22" coveredmethods="19" elements="159" coveredelements="136" complexity="0" loc="99" ncloc="99" packages="1" files="7" classes="7"/>
    <file name="App.js" path="/home/runner/work/memory/memory/src/App.js">
      <metrics statements="49" coveredstatements="49" conditionals="26" coveredconditionals="25" methods="9" coveredmethods="9"/>
      <line num="11" count="3" type="stmt"/>
      <line num="12" count="3" type="stmt"/>
      <line num="13" count="3" type="stmt"/>
      <line num="26" count="14" type="stmt"/>
      <line num="27" count="14" type="stmt"/>
      <line num="28" count="14" type="stmt"/>
      <line num="31" count="14" type="stmt"/>
      <line num="32" count="252" type="stmt"/>
      <line num="33" count="252" type="stmt"/>
      <line num="35" count="14" type="stmt"/>
      <line num="39" count="15" type="stmt"/>
      <line num="40" count="15" type="stmt"/>
      <line num="51" count="15" type="stmt"/>
      <line num="59" count="15" type="stmt"/>
      <line num="60" count="3" type="stmt"/>
      <line num="65" count="3" type="cond" truecount="2" falsecount="0"/>
      <line num="66" count="1" type="stmt"/>
      <line num="69" count="2" type="cond" truecount="2" falsecount="0"/>
      <line num="70" count="1" type="stmt"/>
      <line num="71" count="1" type="stmt"/>
      <line num="74" count="1" type="stmt"/>
      <line num="84" count="2" type="stmt"/>
      <line num="86" count="2" type="stmt"/>
      <line num="87" count="2" type="stmt"/>
      <line num="88" count="2" type="stmt"/>
      <line num="89" count="2" type="stmt"/>
      <line num="90" count="2" type="cond" truecount="2" falsecount="0"/>
      <line num="91" count="1" type="stmt"/>
      <line num="93" count="2" type="stmt"/>
      <line num="102" count="1010" type="stmt"/>
      <line num="103" count="1010" type="stmt"/>
      <line num="104" count="1010" type="stmt"/>
      <line num="105" count="1010" type="stmt"/>
      <line num="107" count="1010" type="cond" truecount="4" falsecount="0"/>
      <line num="108" count="1" type="stmt"/>
      <line num="109" count="1009" type="cond" truecount="2" falsecount="0"/>
      <line num="110" count="828" type="cond" truecount="2" falsecount="0"/>
      <line num="111" count="181" type="cond" truecount="1" falsecount="1"/>
      <line num="112" count="181" type="cond" truecount="2" falsecount="0"/>
      <line num="113" count="8" type="cond" truecount="2" falsecount="0"/>
      <line num="115" count="173" type="cond" truecount="2" falsecount="0"/>
      <line num="118" count="1010" type="stmt"/>
      <line num="119" count="1010" type="stmt"/>
      <line num="128" count="15" type="stmt"/>
      <line num="129" count="4" type="stmt"/>
      <line num="139" count="28" type="stmt"/>
      <line num="142" count="28" type="stmt"/>
      <line num="143" count="28" type="stmt"/>
      <line num="148" count="1008" type="stmt"/>
    </file>
    <file name="Card.js" path="/home/runner/work/memory/memory/src/Card.js">
      <metrics statements="5" coveredstatements="5" conditionals="2" coveredconditionals="2" methods="2" coveredmethods="2"/>
      <line num="6" count="4" type="stmt"/>
      <line num="18" count="4" type="stmt"/>
      <line num="21" count="6" type="stmt"/>
      <line num="24" count="1" type="stmt"/>
      <line num="30" count="4" type="stmt"/>
    </file>
    <file name="GuessCount.js" path="/home/runner/work/memory/memory/src/GuessCount.js">
      <metrics statements="2" coveredstatements="2" conditionals="0" coveredconditionals="0" methods="1" coveredmethods="1"/>
      <line num="12" count="4" type="stmt"/>
      <line num="18" count="4" type="stmt"/>
    </file>
    <file name="HallOfFame.js" path="/home/runner/work/memory/memory/src/HallOfFame.js">
      <metrics statements="20" coveredstatements="17" conditionals="6" coveredconditionals="4" methods="4" coveredmethods="3"/>
      <line num="12" count="3" type="stmt"/>
      <line num="13" count="2" type="stmt"/>
      <line num="18" count="4" type="stmt"/>
      <line num="28" count="3" type="stmt"/>
      <line num="43" count="3" type="stmt"/>
      <line num="44" count="3" type="stmt"/>
      <line num="55" count="3" type="stmt"/>
      <line num="56" count="3" type="stmt"/>
      <line num="57" count="3" type="stmt"/>
      <line num="58" count="3" type="stmt"/>
      <line num="62" count="3" type="cond" truecount="2" falsecount="0"/>
      <line num="63" count="3" type="stmt"/>
      <line num="64" count="0" type="stmt"/>
      <line num="67" count="3" type="cond" truecount="1" falsecount="1"/>
      <line num="68" count="3" type="stmt"/>
      <line num="70" count="0" type="stmt"/>
      <line num="72" count="3" type="cond" truecount="1" falsecount="1"/>
      <line num="73" count="0" type="stmt"/>
      <line num="76" count="3" type="stmt"/>
      <line num="77" count="3" type="stmt"/>
    </file>
    <file name="HighScoreInput.js" path="/home/runner/work/memory/memory/src/HighScoreInput.js">
      <metrics statements="13" coveredstatements="13" conditionals="0" coveredconditionals="0" methods="4" coveredmethods="4"/>
      <line num="18" count="3" type="stmt"/>
      <line num="19" count="3" type="stmt"/>
      <line num="28" count="3" type="stmt"/>
      <line num="29" count="2" type="stmt"/>
      <line num="37" count="3" type="stmt"/>
      <line num="38" count="1" type="stmt"/>
      <line num="39" count="1" type="stmt"/>
      <line num="40" count="1" type="stmt"/>
      <line num="41" count="1" type="stmt"/>
      <line num="42" count="1" type="stmt"/>
      <line num="49" count="5" type="stmt"/>
      <line num="50" count="5" type="stmt"/>
      <line num="71" count="3" type="stmt"/>
    </file>
    <file name="index.js" path="/home/runner/work/memory/memory/src/index.js">
      <metrics statements="2" coveredstatements="0" conditionals="0" coveredconditionals="0" methods="0" coveredmethods="0"/>
      <line num="6" count="0" type="stmt"/>
      <line num="16" count="0" type="stmt"/>
    </file>
    <file name="reportWebVitals.js" path="/home/runner/work/memory/memory/src/reportWebVitals.js">
      <metrics statements="8" coveredstatements="0" conditionals="4" coveredconditionals="0" methods="2" coveredmethods="0"/>
      <line num="1" count="0" type="stmt"/>
      <line num="2" count="0" type="cond" truecount="0" falsecount="4"/>
      <line num="3" count="0" type="stmt"/>
      <line num="6" count="0" type="stmt"/>
      <line num="7" count="0" type="stmt"/>
      <line num="8" count="0" type="stmt"/>
      <line num="9" count="0" type="stmt"/>
      <line num="10" count="0" type="stmt"/>
    </file>
  </project>
</coverage>
