{"/home/runner/work/memory/memory/src/App.js": {"path":"/home/runner/work/memory/memory/src/App.js","statementMap":{"0":{"start":{"line":11,"column":13},"end":{"line":11,"column":14}},"1":{"start":{"line":12,"column":23},"end":{"line":12,"column":61}},"2":{"start":{"line":13,"column":27},"end":{"line":13,"column":30}},"3":{"start":{"line":23,"column":8},"end":{"line":23,"column":20}},"4":{"start":{"line":24,"column":8},"end":{"line":30,"column":9}},"5":{"start":{"line":35,"column":8},"end":{"line":35,"column":58}},"6":{"start":{"line":44,"column":24},"end":{"line":47,"column":5}},"7":{"start":{"line":45,"column":8},"end":{"line":45,"column":37}},"8":{"start":{"line":54,"column":23},"end":{"line":54,"column":25}},"9":{"start":{"line":55,"column":21},"end":{"line":55,"column":32}},"10":{"start":{"line":56,"column":27},"end":{"line":56,"column":46}},"11":{"start":{"line":59,"column":8},"end":{"line":62,"column":9}},"12":{"start":{"line":60,"column":25},"end":{"line":60,"column":41}},"13":{"start":{"line":61,"column":12},"end":{"line":61,"column":35}},"14":{"start":{"line":63,"column":8},"end":{"line":63,"column":30}},"15":{"start":{"line":72,"column":52},"end":{"line":72,"column":62}},"16":{"start":{"line":73,"column":29},"end":{"line":73,"column":63}},"17":{"start":{"line":74,"column":30},"end":{"line":74,"column":51}},"18":{"start":{"line":75,"column":26},"end":{"line":75,"column":28}},"19":{"start":{"line":77,"column":8},"end":{"line":90,"column":9}},"20":{"start":{"line":78,"column":12},"end":{"line":78,"column":36}},"21":{"start":{"line":80,"column":13},"end":{"line":90,"column":9}},"22":{"start":{"line":81,"column":12},"end":{"line":81,"column":76}},"23":{"start":{"line":83,"column":13},"end":{"line":90,"column":9}},"24":{"start":{"line":84,"column":12},"end":{"line":89,"column":13}},"25":{"start":{"line":85,"column":16},"end":{"line":85,"column":77}},"26":{"start":{"line":88,"column":16},"end":{"line":88,"column":65}},"27":{"start":{"line":91,"column":8},"end":{"line":91,"column":43}},"28":{"start":{"line":92,"column":8},"end":{"line":92,"column":26}},"29":{"start":{"line":100,"column":22},"end":{"line":116,"column":5}},"30":{"start":{"line":101,"column":32},"end":{"line":101,"column":42}},"31":{"start":{"line":106,"column":8},"end":{"line":108,"column":9}},"32":{"start":{"line":107,"column":12},"end":{"line":107,"column":18}},"33":{"start":{"line":110,"column":8},"end":{"line":113,"column":9}},"34":{"start":{"line":111,"column":12},"end":{"line":111,"column":51}},"35":{"start":{"line":112,"column":12},"end":{"line":112,"column":18}},"36":{"start":{"line":115,"column":8},"end":{"line":115,"column":33}},"37":{"start":{"line":123,"column":68},"end":{"line":123,"column":78}},"38":{"start":{"line":125,"column":24},"end":{"line":125,"column":47}},"39":{"start":{"line":126,"column":27},"end":{"line":126,"column":38}},"40":{"start":{"line":127,"column":24},"end":{"line":127,"column":63}},"41":{"start":{"line":128,"column":8},"end":{"line":128,"column":68}},"42":{"start":{"line":129,"column":8},"end":{"line":131,"column":9}},"43":{"start":{"line":130,"column":12},"end":{"line":130,"column":86}},"44":{"start":{"line":132,"column":8},"end":{"line":132,"column":80}},"45":{"start":{"line":132,"column":25},"end":{"line":132,"column":59}},"46":{"start":{"line":139,"column":67},"end":{"line":139,"column":77}},"47":{"start":{"line":142,"column":20},"end":{"line":142,"column":51}},"48":{"start":{"line":143,"column":8},"end":{"line":163,"column":9}},"49":{"start":{"line":148,"column":14},"end":{"line":153,"column":16}}},"fnMap":{"0":{"name":"(anonymous_0)","decl":{"start":{"line":22,"column":4},"end":{"line":22,"column":5}},"loc":{"start":{"line":22,"column":23},"end":{"line":36,"column":5}},"line":22},"1":{"name":"(anonymous_1)","decl":{"start":{"line":44,"column":24},"end":{"line":44,"column":25}},"loc":{"start":{"line":44,"column":38},"end":{"line":47,"column":5}},"line":44},"2":{"name":"(anonymous_2)","decl":{"start":{"line":53,"column":4},"end":{"line":53,"column":5}},"loc":{"start":{"line":53,"column":20},"end":{"line":64,"column":5}},"line":53},"3":{"name":"(anonymous_3)","decl":{"start":{"line":71,"column":4},"end":{"line":71,"column":5}},"loc":{"start":{"line":71,"column":30},"end":{"line":93,"column":5}},"line":71},"4":{"name":"(anonymous_4)","decl":{"start":{"line":100,"column":22},"end":{"line":100,"column":23}},"loc":{"start":{"line":100,"column":31},"end":{"line":116,"column":5}},"line":100},"5":{"name":"(anonymous_5)","decl":{"start":{"line":122,"column":4},"end":{"line":122,"column":5}},"loc":{"start":{"line":122,"column":25},"end":{"line":133,"column":5}},"line":122},"6":{"name":"(anonymous_6)","decl":{"start":{"line":132,"column":19},"end":{"line":132,"column":20}},"loc":{"start":{"line":132,"column":25},"end":{"line":132,"column":59}},"line":132},"7":{"name":"(anonymous_7)","decl":{"start":{"line":138,"column":4},"end":{"line":138,"column":5}},"loc":{"start":{"line":138,"column":13},"end":{"line":164,"column":5}},"line":138},"8":{"name":"(anonymous_8)","decl":{"start":{"line":147,"column":24},"end":{"line":147,"column":25}},"loc":{"start":{"line":148,"column":14},"end":{"line":153,"column":16}},"line":148}},"branchMap":{"0":{"loc":{"start":{"line":77,"column":8},"end":{"line":90,"column":9}},"type":"if","locations":[{"start":{"line":77,"column":8},"end":{"line":90,"column":9}},{"start":{"line":77,"column":8},"end":{"line":90,"column":9}}],"line":77},"1":{"loc":{"start":{"line":77,"column":12},"end":{"line":77,"column":79}},"type":"binary-expr","locations":[{"start":{"line":77,"column":12},"end":{"line":77,"column":45}},{"start":{"line":77,"column":49},"end":{"line":77,"column":79}}],"line":77},"2":{"loc":{"start":{"line":80,"column":13},"end":{"line":90,"column":9}},"type":"if","locations":[{"start":{"line":80,"column":13},"end":{"line":90,"column":9}},{"start":{"line":80,"column":13},"end":{"line":90,"column":9}}],"line":80},"3":{"loc":{"start":{"line":81,"column":26},"end":{"line":81,"column":76}},"type":"cond-expr","locations":[{"start":{"line":81,"column":56},"end":{"line":81,"column":65}},{"start":{"line":81,"column":68},"end":{"line":81,"column":76}}],"line":81},"4":{"loc":{"start":{"line":83,"column":13},"end":{"line":90,"column":9}},"type":"if","locations":[{"start":{"line":83,"column":13},"end":{"line":90,"column":9}},{"start":{"line":83,"column":13},"end":{"line":90,"column":9}}],"line":83},"5":{"loc":{"start":{"line":84,"column":12},"end":{"line":89,"column":13}},"type":"if","locations":[{"start":{"line":84,"column":12},"end":{"line":89,"column":13}},{"start":{"line":84,"column":12},"end":{"line":89,"column":13}}],"line":84},"6":{"loc":{"start":{"line":85,"column":30},"end":{"line":85,"column":77}},"type":"cond-expr","locations":[{"start":{"line":85,"column":45},"end":{"line":85,"column":58}},{"start":{"line":85,"column":61},"end":{"line":85,"column":77}}],"line":85},"7":{"loc":{"start":{"line":88,"column":30},"end":{"line":88,"column":65}},"type":"cond-expr","locations":[{"start":{"line":88,"column":45},"end":{"line":88,"column":54}},{"start":{"line":88,"column":57},"end":{"line":88,"column":65}}],"line":88},"8":{"loc":{"start":{"line":106,"column":8},"end":{"line":108,"column":9}},"type":"if","locations":[{"start":{"line":106,"column":8},"end":{"line":108,"column":9}},{"start":{"line":106,"column":8},"end":{"line":108,"column":9}}],"line":106},"9":{"loc":{"start":{"line":110,"column":8},"end":{"line":113,"column":9}},"type":"if","locations":[{"start":{"line":110,"column":8},"end":{"line":113,"column":9}},{"start":{"line":110,"column":8},"end":{"line":113,"column":9}}],"line":110},"10":{"loc":{"start":{"line":129,"column":8},"end":{"line":131,"column":9}},"type":"if","locations":[{"start":{"line":129,"column":8},"end":{"line":131,"column":9}},{"start":{"line":129,"column":8},"end":{"line":131,"column":9}}],"line":129},"11":{"loc":{"start":{"line":155,"column":13},"end":{"line":160,"column":22}},"type":"binary-expr","locations":[{"start":{"line":155,"column":13},"end":{"line":155,"column":16}},{"start":{"line":155,"column":21},"end":{"line":160,"column":21}}],"line":155},"12":{"loc":{"start":{"line":155,"column":21},"end":{"line":160,"column":21}},"type":"cond-expr","locations":[{"start":{"line":155,"column":36},"end":{"line":155,"column":71}},{"start":{"line":156,"column":26},"end":{"line":159,"column":26}}],"line":155}},"s":{"0":3,"1":3,"2":3,"3":3,"4":3,"5":3,"6":3,"7":0,"8":2,"9":2,"10":2,"11":2,"12":36,"13":36,"14":2,"15":72,"16":72,"17":72,"18":72,"19":72,"20":0,"21":72,"22":72,"23":0,"24":0,"25":0,"26":0,"27":72,"28":72,"29":3,"30":0,"31":0,"32":0,"33":0,"34":0,"35":0,"36":0,"37":0,"38":0,"39":0,"40":0,"41":0,"42":0,"43":0,"44":0,"45":0,"46":2,"47":2,"48":2,"49":72},"f":{"0":3,"1":0,"2":2,"3":72,"4":0,"5":0,"6":0,"7":2,"8":72},"b":{"0":[0,72],"1":[72,72],"2":[72,0],"3":[0,72],"4":[0,0],"5":[0,0],"6":[0,0],"7":[0,0],"8":[0,0],"9":[0,0],"10":[0,0],"11":[2,0],"12":[0,0]},"_coverageSchema":"1a1c01bbd47fc00a2c39e90264f33305004495a9","hash":"8fb9e15221bb8570f3be33cb613d58592a26387c"}
,"/home/runner/work/memory/memory/src/Card.js": {"path":"/home/runner/work/memory/memory/src/Card.js","statementMap":{"0":{"start":{"line":6,"column":22},"end":{"line":6,"column":25}},"1":{"start":{"line":17,"column":13},"end":{"line":21,"column":5}},"2":{"start":{"line":18,"column":8},"end":{"line":20,"column":14}},"3":{"start":{"line":18,"column":59},"end":{"line":18,"column":73}},"4":{"start":{"line":23,"column":0},"end":{"line":34,"column":1}}},"fnMap":{"0":{"name":"(anonymous_0)","decl":{"start":{"line":17,"column":13},"end":{"line":17,"column":14}},"loc":{"start":{"line":18,"column":8},"end":{"line":20,"column":14}},"line":18},"1":{"name":"(anonymous_1)","decl":{"start":{"line":18,"column":53},"end":{"line":18,"column":54}},"loc":{"start":{"line":18,"column":59},"end":{"line":18,"column":73}},"line":18}},"branchMap":{"0":{"loc":{"start":{"line":19,"column":34},"end":{"line":19,"column":78}},"type":"cond-expr","locations":[{"start":{"line":19,"column":58},"end":{"line":19,"column":71}},{"start":{"line":19,"column":74},"end":{"line":19,"column":78}}],"line":19}},"s":{"0":3,"1":3,"2":1,"3":1,"4":3},"f":{"0":1,"1":1},"b":{"0":[1,0]},"_coverageSchema":"1a1c01bbd47fc00a2c39e90264f33305004495a9","hash":"7a6295168ace6db2037c5ec2033d8760d1931b53"}
,"/home/runner/work/memory/memory/src/GuessCount.js": {"path":"/home/runner/work/memory/memory/src/GuessCount.js","statementMap":{"0":{"start":{"line":12,"column":19},"end":{"line":12,"column":76}},"1":{"start":{"line":12,"column":36},"end":{"line":12,"column":76}},"2":{"start":{"line":18,"column":0},"end":{"line":20,"column":1}}},"fnMap":{"0":{"name":"(anonymous_0)","decl":{"start":{"line":12,"column":19},"end":{"line":12,"column":20}},"loc":{"start":{"line":12,"column":36},"end":{"line":12,"column":76}},"line":12}},"branchMap":{},"s":{"0":4,"1":1,"2":4},"f":{"0":1},"b":{},"_coverageSchema":"1a1c01bbd47fc00a2c39e90264f33305004495a9","hash":"61872601ab5fb3a16ff8553811feecab87d3560e"}
,"/home/runner/work/memory/memory/src/HallOfFame.js": {"path":"/home/runner/work/memory/memory/src/HallOfFame.js","statementMap":{"0":{"start":{"line":12,"column":19},"end":{"line":24,"column":1}},"1":{"start":{"line":13,"column":2},"end":{"line":23,"column":10}},"2":{"start":{"line":16,"column":8},"end":{"line":20,"column":13}},"3":{"start":{"line":26,"column":0},"end":{"line":35,"column":1}},"4":{"start":{"line":41,"column":16},"end":{"line":41,"column":38}},"5":{"start":{"line":42,"column":21},"end":{"line":42,"column":23}},"6":{"start":{"line":50,"column":2},"end":{"line":50,"column":46}},"7":{"start":{"line":51,"column":2},"end":{"line":51,"column":23}},"8":{"start":{"line":53,"column":18},"end":{"line":53,"column":67}},"9":{"start":{"line":54,"column":25},"end":{"line":56,"column":3}},"10":{"start":{"line":55,"column":21},"end":{"line":55,"column":45}},"11":{"start":{"line":58,"column":2},"end":{"line":62,"column":3}},"12":{"start":{"line":59,"column":4},"end":{"line":59,"column":23}},"13":{"start":{"line":61,"column":4},"end":{"line":61,"column":44}},"14":{"start":{"line":63,"column":2},"end":{"line":65,"column":3}},"15":{"start":{"line":64,"column":4},"end":{"line":64,"column":48}},"16":{"start":{"line":67,"column":2},"end":{"line":67,"column":56}},"17":{"start":{"line":68,"column":2},"end":{"line":68,"column":19}}},"fnMap":{"0":{"name":"(anonymous_0)","decl":{"start":{"line":12,"column":19},"end":{"line":12,"column":20}},"loc":{"start":{"line":13,"column":2},"end":{"line":23,"column":10}},"line":13},"1":{"name":"(anonymous_1)","decl":{"start":{"line":15,"column":19},"end":{"line":15,"column":20}},"loc":{"start":{"line":16,"column":8},"end":{"line":20,"column":13}},"line":16},"2":{"name":"saveHOFEntry","decl":{"start":{"line":49,"column":16},"end":{"line":49,"column":28}},"loc":{"start":{"line":49,"column":46},"end":{"line":69,"column":1}},"line":49},"3":{"name":"(anonymous_3)","decl":{"start":{"line":55,"column":4},"end":{"line":55,"column":5}},"loc":{"start":{"line":55,"column":21},"end":{"line":55,"column":45}},"line":55}},"branchMap":{"0":{"loc":{"start":{"line":53,"column":29},"end":{"line":53,"column":66}},"type":"binary-expr","locations":[{"start":{"line":53,"column":29},"end":{"line":53,"column":58}},{"start":{"line":53,"column":62},"end":{"line":53,"column":66}}],"line":53},"1":{"loc":{"start":{"line":58,"column":2},"end":{"line":62,"column":3}},"type":"if","locations":[{"start":{"line":58,"column":2},"end":{"line":62,"column":3}},{"start":{"line":58,"column":2},"end":{"line":62,"column":3}}],"line":58},"2":{"loc":{"start":{"line":63,"column":2},"end":{"line":65,"column":3}},"type":"if","locations":[{"start":{"line":63,"column":2},"end":{"line":65,"column":3}},{"start":{"line":63,"column":2},"end":{"line":65,"column":3}}],"line":63}},"s":{"0":4,"1":1,"2":2,"3":4,"4":4,"5":4,"6":0,"7":0,"8":0,"9":0,"10":0,"11":0,"12":0,"13":0,"14":0,"15":0,"16":0,"17":0},"f":{"0":1,"1":2,"2":0,"3":0},"b":{"0":[0,0],"1":[0,0],"2":[0,0]},"_coverageSchema":"1a1c01bbd47fc00a2c39e90264f33305004495a9","hash":"b5d88ef0c3c6199c02946b7c9947911adde561c8"}
,"/home/runner/work/memory/memory/src/HighScoreInput.js": {"path":"/home/runner/work/memory/memory/src/HighScoreInput.js","statementMap":{"0":{"start":{"line":18,"column":8},"end":{"line":18,"column":20}},"1":{"start":{"line":19,"column":8},"end":{"line":19,"column":35}},"2":{"start":{"line":28,"column":25},"end":{"line":30,"column":5}},"3":{"start":{"line":29,"column":8},"end":{"line":29,"column":67}},"4":{"start":{"line":37,"column":20},"end":{"line":41,"column":5}},"5":{"start":{"line":38,"column":8},"end":{"line":38,"column":30}},"6":{"start":{"line":39,"column":25},"end":{"line":39,"column":83}},"7":{"start":{"line":40,"column":8},"end":{"line":40,"column":51}},"8":{"start":{"line":47,"column":8},"end":{"line":62,"column":9}},"9":{"start":{"line":66,"column":0},"end":{"line":69,"column":1}}},"fnMap":{"0":{"name":"(anonymous_0)","decl":{"start":{"line":17,"column":4},"end":{"line":17,"column":5}},"loc":{"start":{"line":17,"column":23},"end":{"line":20,"column":5}},"line":17},"1":{"name":"(anonymous_1)","decl":{"start":{"line":28,"column":25},"end":{"line":28,"column":26}},"loc":{"start":{"line":28,"column":34},"end":{"line":30,"column":5}},"line":28},"2":{"name":"(anonymous_2)","decl":{"start":{"line":37,"column":20},"end":{"line":37,"column":21}},"loc":{"start":{"line":37,"column":29},"end":{"line":41,"column":5}},"line":37},"3":{"name":"(anonymous_3)","decl":{"start":{"line":46,"column":4},"end":{"line":46,"column":5}},"loc":{"start":{"line":46,"column":13},"end":{"line":63,"column":5}},"line":46}},"branchMap":{},"s":{"0":1,"1":1,"2":1,"3":0,"4":1,"5":0,"6":0,"7":0,"8":1,"9":3},"f":{"0":1,"1":0,"2":0,"3":1},"b":{},"_coverageSchema":"1a1c01bbd47fc00a2c39e90264f33305004495a9","hash":"56357583437c2854ed901c41a79a6afbd99f3f38"}
,"/home/runner/work/memory/memory/src/index.js": {"path":"/home/runner/work/memory/memory/src/index.js","statementMap":{"0":{"start":{"line":6,"column":0},"end":{"line":11,"column":2}},"1":{"start":{"line":16,"column":0},"end":{"line":16,"column":18}}},"fnMap":{},"branchMap":{},"s":{"0":0,"1":0},"f":{},"b":{}}
,"/home/runner/work/memory/memory/src/reportWebVitals.js": {"path":"/home/runner/work/memory/memory/src/reportWebVitals.js","statementMap":{"0":{"start":{"line":1,"column":24},"end":{"line":11,"column":1}},"1":{"start":{"line":2,"column":2},"end":{"line":10,"column":3}},"2":{"start":{"line":3,"column":4},"end":{"line":9,"column":7}},"3":{"start":{"line":4,"column":6},"end":{"line":4,"column":26}},"4":{"start":{"line":5,"column":6},"end":{"line":5,"column":26}},"5":{"start":{"line":6,"column":6},"end":{"line":6,"column":26}},"6":{"start":{"line":7,"column":6},"end":{"line":7,"column":26}},"7":{"start":{"line":8,"column":6},"end":{"line":8,"column":27}}},"fnMap":{"0":{"name":"(anonymous_0)","decl":{"start":{"line":1,"column":24},"end":{"line":1,"column":25}},"loc":{"start":{"line":1,"column":39},"end":{"line":11,"column":1}},"line":1},"1":{"name":"(anonymous_1)","decl":{"start":{"line":3,"column":30},"end":{"line":3,"column":31}},"loc":{"start":{"line":3,"column":79},"end":{"line":9,"column":5}},"line":3}},"branchMap":{"0":{"loc":{"start":{"line":2,"column":2},"end":{"line":10,"column":3}},"type":"if","locations":[{"start":{"line":2,"column":2},"end":{"line":10,"column":3}},{"start":{"line":2,"column":2},"end":{"line":10,"column":3}}],"line":2},"1":{"loc":{"start":{"line":2,"column":6},"end":{"line":2,"column":52}},"type":"binary-expr","locations":[{"start":{"line":2,"column":6},"end":{"line":2,"column":17}},{"start":{"line":2,"column":21},"end":{"line":2,"column":52}}],"line":2}},"s":{"0":0,"1":0,"2":0,"3":0,"4":0,"5":0,"6":0,"7":0},"f":{"0":0,"1":0},"b":{"0":[0,0],"1":[0,0]}}
}
