{"/home/runner/work/memory/memory/src/App.js": {"path":"/home/runner/work/memory/memory/src/App.js","statementMap":{"0":{"start":{"line":12,"column":20},"end":{"line":12,"column":21}},"1":{"start":{"line":13,"column":23},"end":{"line":13,"column":61}},"2":{"start":{"line":14,"column":34},"end":{"line":14,"column":37}},"3":{"start":{"line":27,"column":23},"end":{"line":27,"column":25}},"4":{"start":{"line":28,"column":21},"end":{"line":28,"column":32}},"5":{"start":{"line":29,"column":27},"end":{"line":29,"column":46}},"6":{"start":{"line":32,"column":8},"end":{"line":35,"column":9}},"7":{"start":{"line":33,"column":25},"end":{"line":33,"column":41}},"8":{"start":{"line":34,"column":12},"end":{"line":34,"column":35}},"9":{"start":{"line":36,"column":8},"end":{"line":36,"column":30}},"10":{"start":{"line":40,"column":8},"end":{"line":40,"column":20}},"11":{"start":{"line":41,"column":8},"end":{"line":47,"column":9}},"12":{"start":{"line":52,"column":8},"end":{"line":52,"column":58}},"13":{"start":{"line":60,"column":22},"end":{"line":75,"column":5}},"14":{"start":{"line":61,"column":32},"end":{"line":61,"column":42}},"15":{"start":{"line":66,"column":8},"end":{"line":68,"column":9}},"16":{"start":{"line":67,"column":12},"end":{"line":67,"column":18}},"17":{"start":{"line":70,"column":8},"end":{"line":73,"column":9}},"18":{"start":{"line":71,"column":12},"end":{"line":71,"column":51}},"19":{"start":{"line":72,"column":12},"end":{"line":72,"column":18}},"20":{"start":{"line":74,"column":8},"end":{"line":74,"column":33}},"21":{"start":{"line":87,"column":21},"end":{"line":91,"column":5}},"22":{"start":{"line":88,"column":8},"end":{"line":90,"column":9}},"23":{"start":{"line":89,"column":12},"end":{"line":89,"column":26}},"24":{"start":{"line":100,"column":12},"end":{"line":100,"column":22}},"25":{"start":{"line":102,"column":24},"end":{"line":102,"column":47}},"26":{"start":{"line":103,"column":27},"end":{"line":103,"column":38}},"27":{"start":{"line":104,"column":24},"end":{"line":104,"column":63}},"28":{"start":{"line":105,"column":8},"end":{"line":105,"column":68}},"29":{"start":{"line":106,"column":8},"end":{"line":108,"column":9}},"30":{"start":{"line":107,"column":12},"end":{"line":107,"column":86}},"31":{"start":{"line":109,"column":8},"end":{"line":109,"column":80}},"32":{"start":{"line":109,"column":25},"end":{"line":109,"column":59}},"33":{"start":{"line":119,"column":52},"end":{"line":119,"column":62}},"34":{"start":{"line":120,"column":29},"end":{"line":120,"column":63}},"35":{"start":{"line":121,"column":32},"end":{"line":121,"column":53}},"36":{"start":{"line":122,"column":26},"end":{"line":122,"column":28}},"37":{"start":{"line":124,"column":8},"end":{"line":134,"column":9}},"38":{"start":{"line":125,"column":12},"end":{"line":125,"column":36}},"39":{"start":{"line":126,"column":15},"end":{"line":134,"column":9}},"40":{"start":{"line":127,"column":12},"end":{"line":127,"column":76}},"41":{"start":{"line":128,"column":15},"end":{"line":134,"column":9}},"42":{"start":{"line":130,"column":12},"end":{"line":130,"column":73}},"43":{"start":{"line":133,"column":12},"end":{"line":133,"column":61}},"44":{"start":{"line":135,"column":8},"end":{"line":135,"column":43}},"45":{"start":{"line":136,"column":8},"end":{"line":136,"column":26}},"46":{"start":{"line":148,"column":24},"end":{"line":151,"column":5}},"47":{"start":{"line":149,"column":8},"end":{"line":149,"column":37}},"48":{"start":{"line":159,"column":12},"end":{"line":159,"column":22}},"49":{"start":{"line":162,"column":20},"end":{"line":162,"column":62}},"50":{"start":{"line":163,"column":8},"end":{"line":185,"column":9}},"51":{"start":{"line":168,"column":20},"end":{"line":175,"column":22}}},"fnMap":{"0":{"name":"(anonymous_0)","decl":{"start":{"line":26,"column":4},"end":{"line":26,"column":5}},"loc":{"start":{"line":26,"column":27},"end":{"line":37,"column":5}},"line":26},"1":{"name":"(anonymous_1)","decl":{"start":{"line":39,"column":4},"end":{"line":39,"column":5}},"loc":{"start":{"line":39,"column":23},"end":{"line":53,"column":5}},"line":39},"2":{"name":"(anonymous_2)","decl":{"start":{"line":60,"column":22},"end":{"line":60,"column":23}},"loc":{"start":{"line":60,"column":33},"end":{"line":75,"column":5}},"line":60},"3":{"name":"(anonymous_3)","decl":{"start":{"line":87,"column":21},"end":{"line":87,"column":22}},"loc":{"start":{"line":87,"column":54},"end":{"line":91,"column":5}},"line":87},"4":{"name":"(anonymous_4)","decl":{"start":{"line":97,"column":4},"end":{"line":97,"column":5}},"loc":{"start":{"line":97,"column":25},"end":{"line":110,"column":5}},"line":97},"5":{"name":"(anonymous_5)","decl":{"start":{"line":109,"column":19},"end":{"line":109,"column":20}},"loc":{"start":{"line":109,"column":25},"end":{"line":109,"column":59}},"line":109},"6":{"name":"(anonymous_6)","decl":{"start":{"line":118,"column":4},"end":{"line":118,"column":5}},"loc":{"start":{"line":118,"column":30},"end":{"line":137,"column":5}},"line":118},"7":{"name":"(anonymous_7)","decl":{"start":{"line":148,"column":24},"end":{"line":148,"column":25}},"loc":{"start":{"line":148,"column":40},"end":{"line":151,"column":5}},"line":148},"8":{"name":"(anonymous_8)","decl":{"start":{"line":156,"column":4},"end":{"line":156,"column":5}},"loc":{"start":{"line":156,"column":13},"end":{"line":186,"column":5}},"line":156},"9":{"name":"(anonymous_9)","decl":{"start":{"line":167,"column":28},"end":{"line":167,"column":29}},"loc":{"start":{"line":168,"column":20},"end":{"line":175,"column":22}},"line":168}},"branchMap":{"0":{"loc":{"start":{"line":66,"column":8},"end":{"line":68,"column":9}},"type":"if","locations":[{"start":{"line":66,"column":8},"end":{"line":68,"column":9}},{"start":{"line":66,"column":8},"end":{"line":68,"column":9}}],"line":66},"1":{"loc":{"start":{"line":70,"column":8},"end":{"line":73,"column":9}},"type":"if","locations":[{"start":{"line":70,"column":8},"end":{"line":73,"column":9}},{"start":{"line":70,"column":8},"end":{"line":73,"column":9}}],"line":70},"2":{"loc":{"start":{"line":88,"column":8},"end":{"line":90,"column":9}},"type":"if","locations":[{"start":{"line":88,"column":8},"end":{"line":90,"column":9}},{"start":{"line":88,"column":8},"end":{"line":90,"column":9}}],"line":88},"3":{"loc":{"start":{"line":88,"column":12},"end":{"line":88,"column":54}},"type":"binary-expr","locations":[{"start":{"line":88,"column":12},"end":{"line":88,"column":29}},{"start":{"line":88,"column":33},"end":{"line":88,"column":54}}],"line":88},"4":{"loc":{"start":{"line":106,"column":8},"end":{"line":108,"column":9}},"type":"if","locations":[{"start":{"line":106,"column":8},"end":{"line":108,"column":9}},{"start":{"line":106,"column":8},"end":{"line":108,"column":9}}],"line":106},"5":{"loc":{"start":{"line":124,"column":8},"end":{"line":134,"column":9}},"type":"if","locations":[{"start":{"line":124,"column":8},"end":{"line":134,"column":9}},{"start":{"line":124,"column":8},"end":{"line":134,"column":9}}],"line":124},"6":{"loc":{"start":{"line":124,"column":12},"end":{"line":124,"column":79}},"type":"binary-expr","locations":[{"start":{"line":124,"column":12},"end":{"line":124,"column":45}},{"start":{"line":124,"column":49},"end":{"line":124,"column":79}}],"line":124},"7":{"loc":{"start":{"line":126,"column":15},"end":{"line":134,"column":9}},"type":"if","locations":[{"start":{"line":126,"column":15},"end":{"line":134,"column":9}},{"start":{"line":126,"column":15},"end":{"line":134,"column":9}}],"line":126},"8":{"loc":{"start":{"line":127,"column":26},"end":{"line":127,"column":76}},"type":"cond-expr","locations":[{"start":{"line":127,"column":56},"end":{"line":127,"column":65}},{"start":{"line":127,"column":68},"end":{"line":127,"column":76}}],"line":127},"9":{"loc":{"start":{"line":128,"column":15},"end":{"line":134,"column":9}},"type":"if","locations":[{"start":{"line":128,"column":15},"end":{"line":134,"column":9}},{"start":{"line":128,"column":15},"end":{"line":134,"column":9}}],"line":128},"10":{"loc":{"start":{"line":130,"column":26},"end":{"line":130,"column":73}},"type":"cond-expr","locations":[{"start":{"line":130,"column":41},"end":{"line":130,"column":54}},{"start":{"line":130,"column":57},"end":{"line":130,"column":73}}],"line":130},"11":{"loc":{"start":{"line":133,"column":26},"end":{"line":133,"column":61}},"type":"cond-expr","locations":[{"start":{"line":133,"column":41},"end":{"line":133,"column":50}},{"start":{"line":133,"column":53},"end":{"line":133,"column":61}}],"line":133},"12":{"loc":{"start":{"line":177,"column":17},"end":{"line":183,"column":18}},"type":"binary-expr","locations":[{"start":{"line":177,"column":17},"end":{"line":177,"column":20}},{"start":{"line":177,"column":25},"end":{"line":183,"column":17}}],"line":177},"13":{"loc":{"start":{"line":177,"column":25},"end":{"line":183,"column":17}},"type":"cond-expr","locations":[{"start":{"line":177,"column":39},"end":{"line":177,"column":74}},{"start":{"line":179,"column":20},"end":{"line":182,"column":22}}],"line":177}},"s":{"0":6,"1":6,"2":6,"3":20,"4":20,"5":20,"6":20,"7":160,"8":160,"9":20,"10":22,"11":22,"12":22,"13":22,"14":5,"15":5,"16":1,"17":4,"18":2,"19":2,"20":2,"21":22,"22":3,"23":2,"24":4,"25":4,"26":4,"27":4,"28":4,"29":4,"30":3,"31":4,"32":2,"33":1284,"34":1284,"35":1284,"36":1284,"37":1284,"38":7,"39":1277,"40":1022,"41":255,"42":23,"43":232,"44":1284,"45":1284,"46":22,"47":18,"48":66,"49":66,"50":66,"51":1276},"f":{"0":20,"1":22,"2":5,"3":3,"4":4,"5":2,"6":1284,"7":18,"8":66,"9":1276},"b":{"0":[1,4],"1":[2,2],"2":[2,1],"3":[3,2],"4":[3,1],"5":[7,1277],"6":[1284,1280],"7":[1022,255],"8":[6,1016],"9":[23,232],"10":[8,15],"11":[3,229],"12":[66,2],"13":[1,1]},"_coverageSchema":"1a1c01bbd47fc00a2c39e90264f33305004495a9","hash":"a6cda755b698fe202092ce1f68b27ffebdbb33cb"}
,"/home/runner/work/memory/memory/src/Card.js": {"path":"/home/runner/work/memory/memory/src/Card.js","statementMap":{"0":{"start":{"line":6,"column":29},"end":{"line":6,"column":32}},"1":{"start":{"line":19,"column":13},"end":{"line":31,"column":1}},"2":{"start":{"line":22,"column":4},"end":{"line":30,"column":10}},"3":{"start":{"line":26,"column":23},"end":{"line":26,"column":37}},"4":{"start":{"line":27,"column":27},"end":{"line":27,"column":66}},"5":{"start":{"line":33,"column":0},"end":{"line":45,"column":1}}},"fnMap":{"0":{"name":"(anonymous_0)","decl":{"start":{"line":19,"column":13},"end":{"line":19,"column":14}},"loc":{"start":{"line":22,"column":4},"end":{"line":30,"column":10}},"line":22},"1":{"name":"(anonymous_1)","decl":{"start":{"line":26,"column":17},"end":{"line":26,"column":18}},"loc":{"start":{"line":26,"column":23},"end":{"line":26,"column":37}},"line":26},"2":{"name":"(anonymous_2)","decl":{"start":{"line":27,"column":20},"end":{"line":27,"column":21}},"loc":{"start":{"line":27,"column":27},"end":{"line":27,"column":66}},"line":27}},"branchMap":{"0":{"loc":{"start":{"line":29,"column":34},"end":{"line":29,"column":78}},"type":"cond-expr","locations":[{"start":{"line":29,"column":58},"end":{"line":29,"column":71}},{"start":{"line":29,"column":74},"end":{"line":29,"column":78}}],"line":29}},"s":{"0":8,"1":8,"2":41,"3":2,"4":3,"5":8},"f":{"0":41,"1":2,"2":3},"b":{"0":[37,4]},"_coverageSchema":"1a1c01bbd47fc00a2c39e90264f33305004495a9","hash":"92b25c932bd3d2db8fc28a99e189217fdc7b5079"}
,"/home/runner/work/memory/memory/src/GuessCount.js": {"path":"/home/runner/work/memory/memory/src/GuessCount.js","statementMap":{"0":{"start":{"line":12,"column":19},"end":{"line":12,"column":100}},"1":{"start":{"line":12,"column":36},"end":{"line":12,"column":100}},"2":{"start":{"line":18,"column":0},"end":{"line":20,"column":1}}},"fnMap":{"0":{"name":"(anonymous_0)","decl":{"start":{"line":12,"column":19},"end":{"line":12,"column":20}},"loc":{"start":{"line":12,"column":36},"end":{"line":12,"column":100}},"line":12}},"branchMap":{},"s":{"0":7,"1":3,"2":7},"f":{"0":3},"b":{},"_coverageSchema":"1a1c01bbd47fc00a2c39e90264f33305004495a9","hash":"8db381466ee334600e140339ae08d1b1c62a87c1"}
,"/home/runner/work/memory/memory/src/HallOfFame.js": {"path":"/home/runner/work/memory/memory/src/HallOfFame.js","statementMap":{"0":{"start":{"line":12,"column":19},"end":{"line":26,"column":1}},"1":{"start":{"line":13,"column":4},"end":{"line":25,"column":12}},"2":{"start":{"line":18,"column":16},"end":{"line":22,"column":21}},"3":{"start":{"line":28,"column":0},"end":{"line":37,"column":1}},"4":{"start":{"line":43,"column":23},"end":{"line":43,"column":45}},"5":{"start":{"line":44,"column":28},"end":{"line":44,"column":30}},"6":{"start":{"line":55,"column":32},"end":{"line":55,"column":37}},"7":{"start":{"line":56,"column":17},"end":{"line":56,"column":48}},"8":{"start":{"line":57,"column":15},"end":{"line":57,"column":25}},"9":{"start":{"line":58,"column":21},"end":{"line":60,"column":5}},"10":{"start":{"line":62,"column":20},"end":{"line":62,"column":69}},"11":{"start":{"line":64,"column":27},"end":{"line":66,"column":5}},"12":{"start":{"line":65,"column":20},"end":{"line":65,"column":54}},"13":{"start":{"line":70,"column":4},"end":{"line":74,"column":5}},"14":{"start":{"line":71,"column":8},"end":{"line":71,"column":30}},"15":{"start":{"line":73,"column":8},"end":{"line":73,"column":51}},"16":{"start":{"line":75,"column":4},"end":{"line":77,"column":5}},"17":{"start":{"line":76,"column":8},"end":{"line":76,"column":52}},"18":{"start":{"line":78,"column":4},"end":{"line":78,"column":58}},"19":{"start":{"line":79,"column":4},"end":{"line":79,"column":21}},"20":{"start":{"line":89,"column":4},"end":{"line":89,"column":39}}},"fnMap":{"0":{"name":"(anonymous_0)","decl":{"start":{"line":12,"column":19},"end":{"line":12,"column":20}},"loc":{"start":{"line":13,"column":4},"end":{"line":25,"column":12}},"line":13},"1":{"name":"(anonymous_1)","decl":{"start":{"line":15,"column":25},"end":{"line":15,"column":26}},"loc":{"start":{"line":18,"column":16},"end":{"line":22,"column":21}},"line":18},"2":{"name":"saveHOFEntry","decl":{"start":{"line":54,"column":16},"end":{"line":54,"column":28}},"loc":{"start":{"line":54,"column":46},"end":{"line":80,"column":1}},"line":54},"3":{"name":"(anonymous_3)","decl":{"start":{"line":65,"column":8},"end":{"line":65,"column":9}},"loc":{"start":{"line":65,"column":20},"end":{"line":65,"column":54}},"line":65},"4":{"name":"emptyHOF","decl":{"start":{"line":88,"column":16},"end":{"line":88,"column":24}},"loc":{"start":{"line":88,"column":27},"end":{"line":90,"column":1}},"line":88}},"branchMap":{"0":{"loc":{"start":{"line":62,"column":31},"end":{"line":62,"column":68}},"type":"binary-expr","locations":[{"start":{"line":62,"column":31},"end":{"line":62,"column":60}},{"start":{"line":62,"column":64},"end":{"line":62,"column":68}}],"line":62},"1":{"loc":{"start":{"line":70,"column":4},"end":{"line":74,"column":5}},"type":"if","locations":[{"start":{"line":70,"column":4},"end":{"line":74,"column":5}},{"start":{"line":70,"column":4},"end":{"line":74,"column":5}}],"line":70},"2":{"loc":{"start":{"line":75,"column":4},"end":{"line":77,"column":5}},"type":"if","locations":[{"start":{"line":75,"column":4},"end":{"line":77,"column":5}},{"start":{"line":75,"column":4},"end":{"line":77,"column":5}}],"line":75}},"s":{"0":8,"1":3,"2":6,"3":8,"4":8,"5":8,"6":30,"7":30,"8":30,"9":30,"10":30,"11":30,"12":22,"13":30,"14":8,"15":22,"16":30,"17":2,"18":30,"19":30,"20":8},"f":{"0":3,"1":6,"2":30,"3":22,"4":8},"b":{"0":[30,6],"1":[8,22],"2":[2,28]},"_coverageSchema":"1a1c01bbd47fc00a2c39e90264f33305004495a9","hash":"6ba96721e36fc1c6e5cd6a5ab4877bd3acd7c433"}
,"/home/runner/work/memory/memory/src/HighScoreInput.js": {"path":"/home/runner/work/memory/memory/src/HighScoreInput.js","statementMap":{"0":{"start":{"line":18,"column":8},"end":{"line":18,"column":20}},"1":{"start":{"line":19,"column":8},"end":{"line":19,"column":35}},"2":{"start":{"line":28,"column":25},"end":{"line":30,"column":5}},"3":{"start":{"line":29,"column":8},"end":{"line":29,"column":67}},"4":{"start":{"line":37,"column":20},"end":{"line":43,"column":5}},"5":{"start":{"line":38,"column":8},"end":{"line":38,"column":30}},"6":{"start":{"line":39,"column":38},"end":{"line":39,"column":48}},"7":{"start":{"line":40,"column":27},"end":{"line":40,"column":37}},"8":{"start":{"line":41,"column":25},"end":{"line":41,"column":52}},"9":{"start":{"line":42,"column":8},"end":{"line":42,"column":40}},"10":{"start":{"line":49,"column":27},"end":{"line":49,"column":37}},"11":{"start":{"line":50,"column":8},"end":{"line":67,"column":9}},"12":{"start":{"line":71,"column":0},"end":{"line":74,"column":1}}},"fnMap":{"0":{"name":"(anonymous_0)","decl":{"start":{"line":17,"column":4},"end":{"line":17,"column":5}},"loc":{"start":{"line":17,"column":23},"end":{"line":20,"column":5}},"line":17},"1":{"name":"(anonymous_1)","decl":{"start":{"line":28,"column":25},"end":{"line":28,"column":26}},"loc":{"start":{"line":28,"column":36},"end":{"line":30,"column":5}},"line":28},"2":{"name":"(anonymous_2)","decl":{"start":{"line":37,"column":20},"end":{"line":37,"column":21}},"loc":{"start":{"line":37,"column":31},"end":{"line":43,"column":5}},"line":37},"3":{"name":"(anonymous_3)","decl":{"start":{"line":48,"column":4},"end":{"line":48,"column":5}},"loc":{"start":{"line":48,"column":13},"end":{"line":68,"column":5}},"line":48}},"branchMap":{},"s":{"0":3,"1":3,"2":3,"3":2,"4":3,"5":1,"6":1,"7":1,"8":1,"9":1,"10":5,"11":5,"12":7},"f":{"0":3,"1":2,"2":1,"3":5},"b":{},"_coverageSchema":"1a1c01bbd47fc00a2c39e90264f33305004495a9","hash":"96b419859f18e789596bf0385ee728715c905282"}
,"/home/runner/work/memory/memory/src/index.js": {"path":"/home/runner/work/memory/memory/src/index.js","statementMap":{"0":{"start":{"line":6,"column":0},"end":{"line":11,"column":1}},"1":{"start":{"line":16,"column":0},"end":{"line":16,"column":17}}},"fnMap":{},"branchMap":{},"s":{"0":1,"1":1},"f":{},"b":{},"_coverageSchema":"1a1c01bbd47fc00a2c39e90264f33305004495a9","hash":"45d79e3dac3fc7f2c0a51a0b5fb5df0a9b55492a"}
,"/home/runner/work/memory/memory/src/reportWebVitals.js": {"path":"/home/runner/work/memory/memory/src/reportWebVitals.js","statementMap":{"0":{"start":{"line":1,"column":24},"end":{"line":13,"column":1}},"1":{"start":{"line":2,"column":4},"end":{"line":12,"column":5}},"2":{"start":{"line":3,"column":8},"end":{"line":11,"column":10}},"3":{"start":{"line":6,"column":12},"end":{"line":6,"column":31}},"4":{"start":{"line":7,"column":12},"end":{"line":7,"column":31}},"5":{"start":{"line":8,"column":12},"end":{"line":8,"column":31}},"6":{"start":{"line":9,"column":12},"end":{"line":9,"column":31}},"7":{"start":{"line":10,"column":12},"end":{"line":10,"column":32}}},"fnMap":{"0":{"name":"(anonymous_0)","decl":{"start":{"line":1,"column":24},"end":{"line":1,"column":25}},"loc":{"start":{"line":1,"column":41},"end":{"line":13,"column":1}},"line":1},"1":{"name":"(anonymous_1)","decl":{"start":{"line":3,"column":34},"end":{"line":3,"column":35}},"loc":{"start":{"line":5,"column":14},"end":{"line":11,"column":9}},"line":5}},"branchMap":{"0":{"loc":{"start":{"line":2,"column":4},"end":{"line":12,"column":5}},"type":"if","locations":[{"start":{"line":2,"column":4},"end":{"line":12,"column":5}},{"start":{"line":2,"column":4},"end":{"line":12,"column":5}}],"line":2},"1":{"loc":{"start":{"line":2,"column":8},"end":{"line":2,"column":54}},"type":"binary-expr","locations":[{"start":{"line":2,"column":8},"end":{"line":2,"column":19}},{"start":{"line":2,"column":23},"end":{"line":2,"column":54}}],"line":2}},"s":{"0":1,"1":1,"2":0,"3":0,"4":0,"5":0,"6":0,"7":0},"f":{"0":1,"1":0},"b":{"0":[0,1],"1":[1,0]},"_coverageSchema":"1a1c01bbd47fc00a2c39e90264f33305004495a9","hash":"0d1883be319c59c9765df4697723fe30a2d36a20"}
}
