TN:
SF:src/App.js
FN:25,(anonymous_0)
FN:38,(anonymous_1)
FN:59,(anonymous_2)
FN:81,(anonymous_3)
FN:93,(anonymous_4)
FN:101,(anonymous_5)
FN:128,(anonymous_6)
FN:136,(anonymous_7)
FN:147,(anonymous_8)
FNF:9
FNH:8
FNDA:8,(anonymous_0)
FNDA:9,(anonymous_1)
FNDA:3,(anonymous_2)
FNDA:2,(anonymous_3)
FNDA:0,(anonymous_4)
FNDA:614,(anonymous_5)
FNDA:1,(anonymous_6)
FNDA:17,(anonymous_7)
FNDA:612,(anonymous_8)
DA:11,2
DA:12,2
DA:13,2
DA:26,8
DA:27,8
DA:28,8
DA:31,8
DA:32,144
DA:33,144
DA:35,8
DA:39,9
DA:40,9
DA:51,9
DA:59,9
DA:60,3
DA:65,3
DA:66,1
DA:69,2
DA:70,1
DA:71,1
DA:74,1
DA:84,2
DA:86,2
DA:87,2
DA:88,2
DA:89,2
DA:90,2
DA:91,1
DA:93,2
DA:102,614
DA:103,614
DA:104,614
DA:105,614
DA:107,614
DA:108,1
DA:109,613
DA:110,432
DA:111,181
DA:112,181
DA:113,8
DA:115,173
DA:118,614
DA:119,614
DA:128,9
DA:129,1
DA:139,17
DA:142,17
DA:143,17
DA:148,612
LF:49
LH:49
BRDA:65,0,0,1
BRDA:65,0,1,2
BRDA:69,1,0,1
BRDA:69,1,1,1
BRDA:90,2,0,1
BRDA:90,2,1,1
BRDA:107,3,0,1
BRDA:107,3,1,613
BRDA:107,4,0,614
BRDA:107,4,1,613
BRDA:109,5,0,432
BRDA:109,5,1,181
BRDA:110,6,0,2
BRDA:110,6,1,430
BRDA:111,7,0,181
BRDA:111,7,1,0
BRDA:112,8,0,8
BRDA:112,8,1,173
BRDA:113,9,0,1
BRDA:113,9,1,7
BRDA:115,10,0,4
BRDA:115,10,1,169
BRDA:156,11,0,17
BRDA:156,11,1,0
BRDA:156,12,0,0
BRDA:156,12,1,0
BRF:26
BRH:22
end_of_record
TN:
SF:src/Card.js
FN:18,(anonymous_0)
FN:26,(anonymous_1)
FN:28,(anonymous_2)
FNF:3
FNH:2
FNDA:1,(anonymous_0)
FNDA:1,(anonymous_1)
FNDA:0,(anonymous_2)
DA:6,3
DA:18,3
DA:21,1
DA:22,1
DA:26,1
DA:28,0
DA:35,3
LF:7
LH:6
BRDA:28,0,0,0
BRDA:28,0,1,0
BRDA:30,1,0,1
BRDA:30,1,1,0
BRF:4
BRH:1
end_of_record
TN:
SF:src/GuessCount.js
FN:12,(anonymous_0)
FNF:1
FNH:1
FNDA:1,(anonymous_0)
DA:12,3
DA:18,3
LF:2
LH:2
BRF:0
BRH:0
end_of_record
TN:
SF:src/HallOfFame.js
FN:12,(anonymous_0)
FN:15,(anonymous_1)
FN:54,saveHOFEntry
FN:64,(anonymous_3)
FNF:4
FNH:2
FNDA:2,(anonymous_0)
FNDA:4,(anonymous_1)
FNDA:0,saveHOFEntry
FNDA:0,(anonymous_3)
DA:12,3
DA:13,2
DA:18,4
DA:28,3
DA:43,3
DA:44,3
DA:55,0
DA:56,0
DA:57,0
DA:58,0
DA:62,0
DA:63,0
DA:64,0
DA:67,0
DA:68,0
DA:70,0
DA:72,0
DA:73,0
DA:76,0
DA:77,0
LF:20
LH:6
BRDA:62,0,0,0
BRDA:62,0,1,0
BRDA:67,1,0,0
BRDA:67,1,1,0
BRDA:72,2,0,0
BRDA:72,2,1,0
BRF:6
BRH:0
end_of_record
TN:
SF:src/HighScoreInput.js
FN:17,(anonymous_0)
FN:28,(anonymous_1)
FN:37,(anonymous_2)
FN:48,(anonymous_3)
FNF:4
FNH:2
FNDA:1,(anonymous_0)
FNDA:0,(anonymous_1)
FNDA:0,(anonymous_2)
FNDA:1,(anonymous_3)
DA:18,1
DA:19,1
DA:28,1
DA:29,0
DA:37,1
DA:38,0
DA:39,0
DA:40,0
DA:41,0
DA:42,0
DA:49,1
DA:50,1
DA:70,2
LF:13
LH:7
BRF:0
BRH:0
end_of_record
TN:
SF:src/index.js
FNF:0
FNH:0
DA:6,0
DA:16,0
LF:2
LH:0
BRF:0
BRH:0
end_of_record
TN:
SF:src/reportWebVitals.js
FN:1,(anonymous_0)
FN:3,(anonymous_1)
FNF:2
FNH:0
FNDA:0,(anonymous_0)
FNDA:0,(anonymous_1)
DA:1,0
DA:2,0
DA:3,0
DA:6,0
DA:7,0
DA:8,0
DA:9,0
DA:10,0
LF:8
LH:0
BRDA:2,0,0,0
BRDA:2,0,1,0
BRDA:2,1,0,0
BRDA:2,1,1,0
BRF:4
BRH:0
end_of_record
