TN:
SF:src/App.js
FN:26,(anonymous_0)
FN:39,(anonymous_1)
FN:60,(anonymous_2)
FN:87,(anonymous_3)
FN:97,(anonymous_4)
FN:109,(anonymous_5)
FN:118,(anonymous_6)
FN:148,(anonymous_7)
FN:156,(anonymous_8)
FN:176,(anonymous_9)
FN:178,(anonymous_10)
FNF:11
FNH:11
FNDA:29,(anonymous_0)
FNDA:33,(anonymous_1)
FNDA:10,(anonymous_2)
FNDA:6,(anonymous_3)
FNDA:9,(anonymous_4)
FNDA:5,(anonymous_5)
FNDA:1228,(anonymous_6)
FNDA:20,(anonymous_7)
FNDA:103,(anonymous_8)
FNDA:606,(anonymous_9)
FNDA:1212,(anonymous_10)
DA:12,7
DA:13,7
DA:14,7
DA:27,29
DA:28,29
DA:29,29
DA:32,29
DA:33,58
DA:34,58
DA:36,29
DA:40,33
DA:41,33
DA:52,33
DA:60,33
DA:61,10
DA:66,10
DA:67,2
DA:70,8
DA:71,3
DA:72,3
DA:74,5
DA:87,33
DA:88,6
DA:89,4
DA:100,9
DA:102,9
DA:103,9
DA:104,9
DA:105,9
DA:106,9
DA:107,5
DA:109,9
DA:119,1228
DA:120,1228
DA:121,1228
DA:122,1228
DA:124,1228
DA:125,14
DA:126,1214
DA:127,888
DA:128,326
DA:130,46
DA:133,280
DA:135,1228
DA:136,1228
DA:148,33
DA:149,20
DA:159,103
DA:162,103
DA:163,103
DA:164,103
DA:168,103
DA:169,606
DA:171,103
DA:177,606
DA:179,1212
DA:180,1212
LF:57
LH:57
BRDA:66,0,0,2
BRDA:66,0,1,8
BRDA:70,1,0,3
BRDA:70,1,1,5
BRDA:88,2,0,4
BRDA:88,2,1,2
BRDA:88,3,0,6
BRDA:88,3,1,4
BRDA:106,4,0,5
BRDA:106,4,1,4
BRDA:124,5,0,14
BRDA:124,5,1,1214
BRDA:124,6,0,1228
BRDA:124,6,1,1220
BRDA:126,7,0,888
BRDA:126,7,1,326
BRDA:127,8,0,11
BRDA:127,8,1,877
BRDA:128,9,0,46
BRDA:128,9,1,280
BRDA:130,10,0,14
BRDA:130,10,1,32
BRDA:133,11,0,6
BRDA:133,11,1,274
BRDA:197,12,0,103
BRDA:197,12,1,2
BRDA:197,13,0,1
BRDA:197,13,1,1
BRF:28
BRH:28
end_of_record
TN:
SF:src/Card.js
FN:19,(anonymous_0)
FN:26,(anonymous_1)
FN:27,(anonymous_2)
FNF:3
FNH:3
FNDA:18,(anonymous_0)
FNDA:2,(anonymous_1)
FNDA:4,(anonymous_2)
DA:6,9
DA:19,9
DA:22,18
DA:26,2
DA:27,4
DA:33,9
LF:6
LH:6
BRDA:29,0,0,14
BRDA:29,0,1,4
BRF:2
BRH:2
end_of_record
TN:
SF:src/GuessCount.js
FN:12,(anonymous_0)
FNF:1
FNH:1
FNDA:3,(anonymous_0)
DA:12,8
DA:18,8
LF:2
LH:2
BRF:0
BRH:0
end_of_record
TN:
SF:src/HallOfFame.js
FN:12,(anonymous_0)
FN:22,(anonymous_1)
FN:61,saveHOFEntry
FN:72,(anonymous_3)
FN:95,emptyHOF
FNF:5
FNH:5
FNDA:4,(anonymous_0)
FNDA:8,(anonymous_1)
FNDA:31,saveHOFEntry
FNDA:22,(anonymous_3)
FNDA:9,emptyHOF
DA:12,9
DA:13,4
DA:25,8
DA:35,9
DA:50,9
DA:51,9
DA:62,31
DA:63,31
DA:64,31
DA:65,31
DA:69,31
DA:71,31
DA:72,22
DA:77,31
DA:78,9
DA:80,22
DA:82,31
DA:83,2
DA:85,31
DA:86,31
DA:96,9
LF:21
LH:21
BRDA:69,0,0,31
BRDA:69,0,1,7
BRDA:77,1,0,9
BRDA:77,1,1,22
BRDA:82,2,0,2
BRDA:82,2,1,29
BRF:6
BRH:6
end_of_record
TN:
SF:src/HighScoreInput.js
FN:17,(anonymous_0)
FN:28,(anonymous_1)
FN:37,(anonymous_2)
FN:48,(anonymous_3)
FNF:4
FNH:4
FNDA:3,(anonymous_0)
FNDA:2,(anonymous_1)
FNDA:1,(anonymous_2)
FNDA:5,(anonymous_3)
DA:18,3
DA:19,3
DA:28,3
DA:29,2
DA:37,3
DA:38,1
DA:39,1
DA:40,1
DA:41,1
DA:42,1
DA:49,5
DA:50,5
DA:72,8
LF:13
LH:13
BRF:0
BRH:0
end_of_record
TN:
SF:src/index.js
FNF:0
FNH:0
DA:6,1
DA:16,1
LF:2
LH:2
BRF:0
BRH:0
end_of_record
TN:
SF:src/reportWebVitals.js
FN:1,(anonymous_0)
FN:3,(anonymous_1)
FNF:2
FNH:1
FNDA:1,(anonymous_0)
FNDA:0,(anonymous_1)
DA:1,1
DA:2,1
DA:3,0
DA:6,0
DA:7,0
DA:8,0
DA:9,0
DA:10,0
LF:8
LH:2
BRDA:2,0,0,0
BRDA:2,0,1,1
BRDA:2,1,0,1
BRDA:2,1,1,0
BRF:4
BRH:2
end_of_record
